<?xml version="1.0" encoding="UTF-8"?>
<!-- Generated by org.testng.reporters.JUnitReportReporter -->
<testsuite skipped="1" hostname="SACHIN-PC" name="testNG.C_Priority" tests="8" failures="0" timestamp="28 Jul 2019 12:15:43 GMT" time="0.124" errors="0">
  <testcase name="h_method" time="0.052" classname="testNG.C_Priority"/>
  <testcase name="g_method" time="0.008" classname="testNG.C_Priority"/>
  <testcase name="c_method" time="0.032" classname="testNG.C_Priority"/>
  <testcase name="b_method" time="0.009" classname="testNG.C_Priority"/>
  <testcase name="e_method" time="0.007" classname="testNG.C_Priority"/>
  <testcase name="a_method" time="0.009" classname="testNG.C_Priority"/>
  <testcase name="d_method" time="0.007" classname="testNG.C_Priority"/>
  <testcase name="f_method" classname="testNG.C_Priority">
    <skipped/>
  </testcase> <!-- f_method -->
</testsuite> <!-- testNG.C_Priority -->
