<?xml version="1.0" encoding="UTF-8"?>
<!-- Generated by org.testng.reporters.JUnitReportReporter -->
<testsuite skipped="0" hostname="SACHIN-PC" name="testNG.TestNG_DependsOn" tests="2" failures="0" timestamp="26 Jul 2019 12:49:05 GMT" time="0.036" errors="0">
  <testcase name="composeMail" time="0.010" classname="testNG.TestNG_DependsOn"/>
  <testcase name="loginTest" time="0.026" classname="testNG.TestNG_DependsOn"/>
</testsuite> <!-- testNG.TestNG_DependsOn -->
