<?xml version="1.0" encoding="UTF-8"?>
<!-- Generated by org.testng.reporters.JUnitReportReporter -->
<testsuite skipped="0" hostname="SACHIN-PC" name="testNG.TestNG_DataProviders" tests="2" failures="0" timestamp="28 Jul 2019 09:01:27 GMT" time="131.735" errors="0">
  <testcase name="registerForm" time="65.882" classname="testNG.TestNG_DataProviders"/>
  <testcase name="registerForm" time="65.853" classname="testNG.TestNG_DataProviders"/>
</testsuite> <!-- testNG.TestNG_DataProviders -->
