<?xml version="1.0" encoding="UTF-8"?>
<!-- Generated by org.testng.reporters.JUnitReportReporter -->
<testsuite skipped="0" hostname="SACHIN-PC" name="testNG.TestNG_GroupOfGroup" tests="2" failures="0" timestamp="26 Jul 2019 12:39:53 GMT" time="0.038" errors="0">
  <testcase name="loginTest" time="0.028" classname="testNG.TestNG_GroupOfGroup"/>
  <testcase name="composeMail" time="0.010" classname="testNG.TestNG_GroupOfGroup"/>
</testsuite> <!-- testNG.TestNG_GroupOfGroup -->
