<?xml version="1.0" encoding="UTF-8"?>
<!-- Generated by org.testng.reporters.JUnitReportReporter -->
<testsuite skipped="0" hostname="SACHIN-PC" name="testNG.TestNG_MultiBrowser_ParallelTest" tests="2" failures="0" timestamp="26 Jul 2019 17:40:25 GMT" time="102.883" errors="0">
  <testcase name="setUp" time="71.417" classname="testNG.TestNG_MultiBrowser_ParallelTest"/>
  <testcase name="setUp" time="31.466" classname="testNG.TestNG_MultiBrowser_ParallelTest"/>
</testsuite> <!-- testNG.TestNG_MultiBrowser_ParallelTest -->
