<?xml version="1.0" encoding="UTF-8"?>
<!-- Generated by org.testng.reporters.JUnitReportReporter -->
<testsuite skipped="1" hostname="SACHIN-PC" name="testNG.F_DependsOnMethod" tests="3" failures="0" timestamp="28 Jul 2019 12:21:05 GMT" time="0.031" errors="0">
  <testcase name="loginTest" time="0.024" classname="testNG.F_DependsOnMethod"/>
  <testcase name="composeMail" time="0.007" classname="testNG.F_DependsOnMethod"/>
  <testcase name="verify" classname="testNG.F_DependsOnMethod">
    <skipped/>
  </testcase> <!-- verify -->
</testsuite> <!-- testNG.F_DependsOnMethod -->
