<?xml version="1.0" encoding="UTF-8"?>
<!-- Generated by org.testng.reporters.JUnitReportReporter -->
<testsuite skipped="0" hostname="SACHIN-PC" name="testNG.TestNG_MultiBrowser_Selection" tests="2" failures="0" timestamp="26 Jul 2019 15:46:15 GMT" time="56.769" errors="0">
  <testcase name="setUp" time="38.748" classname="testNG.TestNG_MultiBrowser_Selection"/>
  <testcase name="setUp" time="18.021" classname="testNG.TestNG_MultiBrowser_Selection"/>
</testsuite> <!-- testNG.TestNG_MultiBrowser_Selection -->
