<?xml version="1.0" encoding="UTF-8"?>
<!-- Generated by org.testng.reporters.JUnitReportReporter -->
<testsuite skipped="0" hostname="SACHIN-PC" name="testNG.TestNG_Parameter" tests="1" failures="0" timestamp="26 Jul 2019 19:14:56 GMT" time="37.562" errors="0">
  <testcase name="trainSearch" time="37.562" classname="testNG.TestNG_Parameter"/>
</testsuite> <!-- testNG.TestNG_Parameter -->
