<?xml version="1.0" encoding="UTF-8"?>
<!-- Generated by org.testng.reporters.JUnitReportReporter -->
<testsuite skipped="0" hostname="SACHIN-PC" name="testNG.TestNG_Annotations" tests="2" failures="0" timestamp="24 Jul 2019 19:20:47 GMT" time="0.049" errors="0">
  <testcase name="method1" time="0.036" classname="testNG.TestNG_Annotations"/>
  <testcase name="method2" time="0.013" classname="testNG.TestNG_Annotations"/>
</testsuite> <!-- testNG.TestNG_Annotations -->
