<?xml version="1.0" encoding="UTF-8"?>
<!-- Generated by org.testng.reporters.JUnitReportReporter -->
<testsuite skipped="0" hostname="SACHIN-PC" name="testNG.TestNG_Priority" tests="7" failures="0" timestamp="26 Jul 2019 10:37:29 GMT" time="0.109" errors="0">
  <testcase name="g_method" time="0.052" classname="testNG.TestNG_Priority"/>
  <testcase name="f_method" time="0.007" classname="testNG.TestNG_Priority"/>
  <testcase name="b_method" time="0.017" classname="testNG.TestNG_Priority"/>
  <testcase name="c_method" time="0.006" classname="testNG.TestNG_Priority"/>
  <testcase name="e_method" time="0.010" classname="testNG.TestNG_Priority"/>
  <testcase name="a_method" time="0.010" classname="testNG.TestNG_Priority"/>
  <testcase name="d_method" time="0.007" classname="testNG.TestNG_Priority"/>
</testsuite> <!-- testNG.TestNG_Priority -->
