<?xml version="1.0" encoding="UTF-8"?>
<!-- Generated by org.testng.reporters.JUnitReportReporter -->
<testsuite skipped="0" hostname="SACHIN-PC" name="testNG.TestNG_Grouping" tests="1" failures="0" timestamp="26 Jul 2019 12:20:42 GMT" time="0.025" errors="0">
  <testcase name="loginTest" time="0.025" classname="testNG.TestNG_Grouping"/>
</testsuite> <!-- testNG.TestNG_Grouping -->
