<?xml version="1.0" encoding="UTF-8"?>
<!-- Generated by org.testng.reporters.JUnitReportReporter -->
<testsuite skipped="0" hostname="SACHIN-PC" name="testNG.TestNG_MultiBrowser_ParallelTest" tests="2" failures="0" timestamp="26 Jul 2019 16:09:19 GMT" time="48.654" errors="0">
  <testcase name="setUp" time="30.723" classname="testNG.TestNG_MultiBrowser_ParallelTest"/>
  <testcase name="setUp" time="17.931" classname="testNG.TestNG_MultiBrowser_ParallelTest"/>
</testsuite> <!-- testNG.TestNG_MultiBrowser_ParallelTest -->
